2019-03-04 10:06:22,529 INFO o.a.j.u.JMeterUtils: Setting Locale to en_US
2019-03-04 10:06:22,570 INFO o.a.j.JMeter: Loading user properties from: /root/.bzt/jmeter-taurus/5.0/bin/user.properties
2019-03-04 10:06:22,572 INFO o.a.j.JMeter: Loading system properties from: /root/.bzt/jmeter-taurus/5.0/bin/system.properties
2019-03-04 10:06:22,573 INFO o.a.j.JMeter: Loading additional properties from: /tmp/artifacts/jmeter-bzt.properties
2019-03-04 10:06:22,582 INFO o.a.j.JMeter: Copyright (c) 1998-2018 The Apache Software Foundation
2019-03-04 10:06:22,583 INFO o.a.j.JMeter: Version 5.0 r1840935
2019-03-04 10:06:22,583 INFO o.a.j.JMeter: java.version=1.8.0_191
2019-03-04 10:06:22,583 INFO o.a.j.JMeter: java.vm.name=OpenJDK 64-Bit Server VM
2019-03-04 10:06:22,585 INFO o.a.j.JMeter: os.name=Linux
2019-03-04 10:06:22,585 INFO o.a.j.JMeter: os.arch=amd64
2019-03-04 10:06:22,585 INFO o.a.j.JMeter: os.version=4.4.0-1075-aws
2019-03-04 10:06:22,585 INFO o.a.j.JMeter: file.encoding=UTF-8
2019-03-04 10:06:22,585 INFO o.a.j.JMeter: Max memory     =6934757376
2019-03-04 10:06:22,586 INFO o.a.j.JMeter: Available Processors =2
2019-03-04 10:06:22,592 INFO o.a.j.JMeter: Default Locale=English (United States)
2019-03-04 10:06:22,593 INFO o.a.j.JMeter: JMeter  Locale=English (United States)
2019-03-04 10:06:22,593 INFO o.a.j.JMeter: JMeterHome=/root/.bzt/jmeter-taurus/5.0
2019-03-04 10:06:22,593 INFO o.a.j.JMeter: user.dir  =/tmp/artifacts
2019-03-04 10:06:22,593 INFO o.a.j.JMeter: PWD       =/tmp/artifacts
2019-03-04 10:06:22,593 INFO o.a.j.JMeter: IP: 172.17.0.2 Name: f2d1f1a3c3cb FullName: f2d1f1a3c3cb
2019-03-04 10:06:22,600 INFO o.a.j.JMeter: user.classpath=/tmp/artifacts:/tmp/artifacts
2019-03-04 10:06:22,600 INFO o.a.j.JMeter: Adding to classpath and loader: /tmp/artifacts
2019-03-04 10:06:22,601 INFO o.a.j.JMeter: Adding to classpath and loader: /tmp/artifacts
2019-03-04 10:06:22,606 INFO o.a.j.s.FileServer: Default base='/tmp/artifacts'
2019-03-04 10:06:22,621 INFO o.a.j.s.FileServer: Set new base='/tmp/artifacts'
2019-03-04 10:06:22,959 INFO o.a.j.s.SaveService: Testplan (JMX) version: 2.2. Testlog (JTL) version: 2.2
2019-03-04 10:06:22,999 INFO o.a.j.s.SaveService: Using SaveService properties file encoding UTF-8
2019-03-04 10:06:23,010 INFO o.a.j.s.SaveService: Using SaveService properties version 5.0
2019-03-04 10:06:23,026 INFO o.a.j.s.SaveService: Loading file: /tmp/artifacts/modified_Demo_PE_VOLO.jmx
2019-03-04 10:06:23,164 INFO o.a.j.p.h.c.CookieManager: Settings: Delete null: true Check: true Allow variable: true Save: false Prefix: COOKIE_
2019-03-04 10:06:23,170 INFO o.a.j.p.h.c.CacheManager: Will only cache the following methods: [GET]
2019-03-04 10:06:23,214 INFO o.a.j.p.h.s.HTTPSamplerBase: Parser for text/html is org.apache.jmeter.protocol.http.parser.LagartoBasedHtmlParser
2019-03-04 10:06:23,215 INFO o.a.j.p.h.s.HTTPSamplerBase: Parser for application/xhtml+xml is org.apache.jmeter.protocol.http.parser.LagartoBasedHtmlParser
2019-03-04 10:06:23,215 INFO o.a.j.p.h.s.HTTPSamplerBase: Parser for application/xml is org.apache.jmeter.protocol.http.parser.LagartoBasedHtmlParser
2019-03-04 10:06:23,215 INFO o.a.j.p.h.s.HTTPSamplerBase: Parser for text/xml is org.apache.jmeter.protocol.http.parser.LagartoBasedHtmlParser
2019-03-04 10:06:23,216 INFO o.a.j.p.h.s.HTTPSamplerBase: Parser for text/vnd.wap.wml is org.apache.jmeter.protocol.http.parser.RegexpHTMLParser
2019-03-04 10:06:23,216 INFO o.a.j.p.h.s.HTTPSamplerBase: Parser for text/css is org.apache.jmeter.protocol.http.parser.CssParser
2019-03-04 10:06:23,366 INFO o.a.j.e.StandardJMeterEngine: Running the test!
2019-03-04 10:06:23,370 INFO o.a.j.s.SampleEvent: List of sample_variables: []
2019-03-04 10:06:23,371 INFO o.a.j.s.SampleEvent: List of sample_variables: []
2019-03-04 10:06:23,378 INFO o.a.j.JMeter: Starting Beanshell server (9000,)
2019-03-04 10:06:23,397 INFO o.a.j.e.u.CompoundVariable: Note: Function class names must contain the string: '.functions.'
2019-03-04 10:06:23,397 INFO o.a.j.e.u.CompoundVariable: Note: Function class names must not contain the string: '.gui.'
2019-03-04 10:06:24,943 INFO o.a.j.JMeter: Running test (1551693984943)
2019-03-04 10:06:25,102 INFO o.a.j.e.StandardJMeterEngine: Starting ThreadGroup: 1 : Thread Group
2019-03-04 10:06:25,102 INFO o.a.j.e.StandardJMeterEngine: Starting 20 threads for group Thread Group.
2019-03-04 10:06:25,103 INFO o.a.j.e.StandardJMeterEngine: Thread will continue on error
2019-03-04 10:06:25,116 INFO o.a.j.e.StandardJMeterEngine: All thread groups have been started
2019-03-04 10:06:25,116 INFO c.b.j.t.c.ConcurrencyThreadStarter: Start supplying threads
2019-03-04 10:06:26,644 INFO o.a.j.s.SampleResult: Note: Sample TimeStamps are START times
2019-03-04 10:06:26,644 INFO o.a.j.s.SampleResult: sampleresult.default.encoding is set to UTF-8
2019-03-04 10:06:26,647 INFO o.a.j.s.SampleResult: sampleresult.useNanoTime=true
2019-03-04 10:06:26,647 INFO o.a.j.s.SampleResult: sampleresult.nanoThreadSleep=5000
2019-03-04 10:06:26,656 INFO o.a.j.t.JMeterThread: Thread started: Thread Group 1-1
2019-03-04 10:06:26,693 INFO o.a.j.p.h.s.HTTPHCAbstractImpl: Local host = f2d1f1a3c3cb
2019-03-04 10:06:26,703 INFO o.a.j.p.h.s.HTTPHC4Impl: HTTP request retry count = 0
2019-03-04 10:06:26,953 INFO o.a.j.p.h.s.h.LazyLayeredConnectionSocketFactory: Setting up HTTPS TrustAll Socket Factory
2019-03-04 10:06:26,965 INFO o.a.j.u.JsseSSLManager: Using default SSL protocol: TLS
2019-03-04 10:06:26,965 INFO o.a.j.u.JsseSSLManager: SSL session context: per-thread
2019-03-04 10:06:27,173 INFO o.a.j.u.SSLManager: JmeterKeyStore Location:  type JKS
2019-03-04 10:06:27,176 INFO o.a.j.u.SSLManager: KeyStore created OK
2019-03-04 10:06:27,176 WARN o.a.j.u.SSLManager: Keystore file not found, loading empty keystore
2019-03-04 10:06:27,894 INFO o.a.j.p.h.p.BaseParser: Created org.apache.jmeter.protocol.http.parser.LagartoBasedHtmlParser
2019-03-04 10:06:28,027 INFO o.a.j.p.h.s.ResourcesDownloader: Creating ResourcesDownloader with keepalive_inseconds : 60
2019-03-04 10:06:28,764 INFO o.a.j.p.h.p.BaseParser: Created org.apache.jmeter.protocol.http.parser.CssParser
2019-03-04 10:06:29,661 INFO o.a.j.t.JMeterThread: Thread started: Thread Group 1-2
2019-03-04 10:06:32,671 INFO o.a.j.t.JMeterThread: Thread started: Thread Group 1-3
2019-03-04 10:06:33,700 WARN c.h.c.r.e.LoggingCSSParseErrorHandler: Browser compliant mode skipped CSS from [53:20] starting at token ' ' until [56:1] to token '}' (based on com.helger.css.parser.ParseException: Encountered unexpected token: "*" "*"
    at line 53, column 21.

Was expecting one of:

    "+"
    "-"
    "/"
    ";"
    "="
    "["
    "and"
    "expression("
    "from"
    "inherit"
    "not"
    "only"
    "or"
    "to"
    "}"
    <ANGLE_DEG>
    <ANGLE_GRAD>
    <ANGLE_RAD>
    <ANGLE_TURN>
    <CH>
    <COMMA>
    <DPCM>
    <DPI>
    <DPPX>
    <EM>
    <EX>
    <FR>
    <FREQ_HZ>
    <FREQ_KHZ>
    <FUNCTION>
    <FUNCTION_CALC>
    <HASH>
    <IDENT>
    <IMPORTANT_SYM>
    <LENGTH_CM>
    <LENGTH_IN>
    <LENGTH_MM>
    <LENGTH_PC>
    <LENGTH_PT>
    <LENGTH_Q>
    <NUMBER>
    <PERCENTAGE>
    <PX>
    <REM>
    <S>
    <STRING1>
    <STRING2>
    <TIME_MS>
    <TIME_S>
    <URANGE>
    <URL>
    <VH>
    <VMAX>
    <VMIN>
    <VW>
)
2019-03-04 10:06:33,721 WARN c.h.c.r.e.LoggingCSSParseErrorHandler: Browser compliant mode skipped CSS from [110:21] starting at token ' ' until [111:1] to token '}' (based on com.helger.css.parser.ParseException: Encountered unexpected token: "*" "*"
    at line 110, column 22.

Was expecting one of:

    "+"
    "-"
    "/"
    ";"
    "="
    "["
    "and"
    "expression("
    "from"
    "inherit"
    "not"
    "only"
    "or"
    "to"
    "}"
    <ANGLE_DEG>
    <ANGLE_GRAD>
    <ANGLE_RAD>
    <ANGLE_TURN>
    <CH>
    <COMMA>
    <DPCM>
    <DPI>
    <DPPX>
    <EM>
    <EX>
    <FR>
    <FREQ_HZ>
    <FREQ_KHZ>
    <FUNCTION>
    <FUNCTION_CALC>
    <HASH>
    <IDENT>
    <IMPORTANT_SYM>
    <LENGTH_CM>
    <LENGTH_IN>
    <LENGTH_MM>
    <LENGTH_PC>
    <LENGTH_PT>
    <LENGTH_Q>
    <NUMBER>
    <PERCENTAGE>
    <PX>
    <REM>
    <S>
    <STRING1>
    <STRING2>
    <TIME_MS>
    <TIME_S>
    <URANGE>
    <URL>
    <VH>
    <VMAX>
    <VMIN>
    <VW>
)
2019-03-04 10:06:33,726 WARN c.h.c.r.e.LoggingCSSParseErrorHandler: Browser compliant mode skipped CSS from [126:22] starting at token ' ' until [127:1] to token '}' (based on com.helger.css.parser.ParseException: Encountered unexpected token: "*" "*"
    at line 126, column 23.

Was expecting one of:

    "+"
    "-"
    "/"
    ";"
    "="
    "["
    "and"
    "expression("
    "from"
    "inherit"
    "not"
    "only"
    "or"
    "to"
    "}"
    <ANGLE_DEG>
    <ANGLE_GRAD>
    <ANGLE_RAD>
    <ANGLE_TURN>
    <CH>
    <COMMA>
    <DPCM>
    <DPI>
    <DPPX>
    <EM>
    <EX>
    <FR>
    <FREQ_HZ>
    <FREQ_KHZ>
    <FUNCTION>
    <FUNCTION_CALC>
    <HASH>
    <IDENT>
    <IMPORTANT_SYM>
    <LENGTH_CM>
    <LENGTH_IN>
    <LENGTH_MM>
    <LENGTH_PC>
    <LENGTH_PT>
    <LENGTH_Q>
    <NUMBER>
    <PERCENTAGE>
    <PX>
    <REM>
    <S>
    <STRING1>
    <STRING2>
    <TIME_MS>
    <TIME_S>
    <URANGE>
    <URL>
    <VH>
    <VMAX>
    <VMIN>
    <VW>
)
2019-03-04 10:06:33,827 WARN c.h.c.r.e.LoggingCSSParseErrorHandler: Browser compliant mode skipped CSS from [1473:34] starting at token '-' until [1473:37] to token ';' (based on com.helger.css.parser.ParseException: Encountered unexpected token: " " <S>
    at line 1473, column 35.

Was expecting one of:

    <ANGLE_DEG>
    <ANGLE_GRAD>
    <ANGLE_RAD>
    <ANGLE_TURN>
    <CH>
    <DPCM>
    <DPI>
    <DPPX>
    <EM>
    <EX>
    <FR>
    <FREQ_HZ>
    <FREQ_KHZ>
    <LENGTH_CM>
    <LENGTH_IN>
    <LENGTH_MM>
    <LENGTH_PC>
    <LENGTH_PT>
    <LENGTH_Q>
    <NUMBER>
    <PERCENTAGE>
    <PX>
    <REM>
    <TIME_MS>
    <TIME_S>
    <VH>
    <VMAX>
    <VMIN>
    <VW>
)
2019-03-04 10:06:33,841 WARN c.h.c.r.e.LoggingCSSParseErrorHandler: Browser compliant mode skipped CSS from [1474:31] starting at token '-' until [1474:34] to token ';' (based on com.helger.css.parser.ParseException: Encountered unexpected token: " " <S>
    at line 1474, column 32.

Was expecting one of:

    <ANGLE_DEG>
    <ANGLE_GRAD>
    <ANGLE_RAD>
    <ANGLE_TURN>
    <CH>
    <DPCM>
    <DPI>
    <DPPX>
    <EM>
    <EX>
    <FR>
    <FREQ_HZ>
    <FREQ_KHZ>
    <LENGTH_CM>
    <LENGTH_IN>
    <LENGTH_MM>
    <LENGTH_PC>
    <LENGTH_PT>
    <LENGTH_Q>
    <NUMBER>
    <PERCENTAGE>
    <PX>
    <REM>
    <TIME_MS>
    <TIME_S>
    <VH>
    <VMAX>
    <VMIN>
    <VW>
)
2019-03-04 10:06:33,841 WARN c.h.c.r.e.LoggingCSSParseErrorHandler: Browser compliant mode skipped CSS from [1477:35] starting at token '-' until [1477:38] to token ';' (based on com.helger.css.parser.ParseException: Encountered unexpected token: " " <S>
    at line 1477, column 36.

Was expecting one of:

    <ANGLE_DEG>
    <ANGLE_GRAD>
    <ANGLE_RAD>
    <ANGLE_TURN>
    <CH>
    <DPCM>
    <DPI>
    <DPPX>
    <EM>
    <EX>
    <FR>
    <FREQ_HZ>
    <FREQ_KHZ>
    <LENGTH_CM>
    <LENGTH_IN>
    <LENGTH_MM>
    <LENGTH_PC>
    <LENGTH_PT>
    <LENGTH_Q>
    <NUMBER>
    <PERCENTAGE>
    <PX>
    <REM>
    <TIME_MS>
    <TIME_S>
    <VH>
    <VMAX>
    <VMIN>
    <VW>
)
2019-03-04 10:06:33,842 WARN c.h.c.r.e.LoggingCSSParseErrorHandler: Browser compliant mode skipped CSS from [1478:32] starting at token '-' until [1478:35] to token ';' (based on com.helger.css.parser.ParseException: Encountered unexpected token: " " <S>
    at line 1478, column 33.

Was expecting one of:

    <ANGLE_DEG>
    <ANGLE_GRAD>
    <ANGLE_RAD>
    <ANGLE_TURN>
    <CH>
    <DPCM>
    <DPI>
    <DPPX>
    <EM>
    <EX>
    <FR>
    <FREQ_HZ>
    <FREQ_KHZ>
    <LENGTH_CM>
    <LENGTH_IN>
    <LENGTH_MM>
    <LENGTH_PC>
    <LENGTH_PT>
    <LENGTH_Q>
    <NUMBER>
    <PERCENTAGE>
    <PX>
    <REM>
    <TIME_MS>
    <TIME_S>
    <VH>
    <VMAX>
    <VMIN>
    <VW>
)
2019-03-04 10:06:33,844 WARN c.h.c.r.e.LoggingCSSParseErrorHandler: Browser compliant mode skipped CSS from [1536:35] starting at token '-' until [1536:38] to token ';' (based on com.helger.css.parser.ParseException: Encountered unexpected token: " " <S>
    at line 1536, column 36.

Was expecting one of:

    <ANGLE_DEG>
    <ANGLE_GRAD>
    <ANGLE_RAD>
    <ANGLE_TURN>
    <CH>
    <DPCM>
    <DPI>
    <DPPX>
    <EM>
    <EX>
    <FR>
    <FREQ_HZ>
    <FREQ_KHZ>
    <LENGTH_CM>
    <LENGTH_IN>
    <LENGTH_MM>
    <LENGTH_PC>
    <LENGTH_PT>
    <LENGTH_Q>
    <NUMBER>
    <PERCENTAGE>
    <PX>
    <REM>
    <TIME_MS>
    <TIME_S>
    <VH>
    <VMAX>
    <VMIN>
    <VW>
)
2019-03-04 10:06:33,844 WARN c.h.c.r.e.LoggingCSSParseErrorHandler: Browser compliant mode skipped CSS from [1537:32] starting at token '-' until [1537:35] to token ';' (based on com.helger.css.parser.ParseException: Encountered unexpected token: " " <S>
    at line 1537, column 33.

Was expecting one of:

    <ANGLE_DEG>
    <ANGLE_GRAD>
    <ANGLE_RAD>
    <ANGLE_TURN>
    <CH>
    <DPCM>
    <DPI>
    <DPPX>
    <EM>
    <EX>
    <FR>
    <FREQ_HZ>
    <FREQ_KHZ>
    <LENGTH_CM>
    <LENGTH_IN>
    <LENGTH_MM>
    <LENGTH_PC>
    <LENGTH_PT>
    <LENGTH_Q>
    <NUMBER>
    <PERCENTAGE>
    <PX>
    <REM>
    <TIME_MS>
    <TIME_S>
    <VH>
    <VMAX>
    <VMIN>
    <VW>
)
2019-03-04 10:06:33,845 WARN c.h.c.r.e.LoggingCSSParseErrorHandler: Browser compliant mode skipped CSS from [1542:34] starting at token '-' until [1542:37] to token ';' (based on com.helger.css.parser.ParseException: Encountered unexpected token: " " <S>
    at line 1542, column 35.

Was expecting one of:

    <ANGLE_DEG>
    <ANGLE_GRAD>
    <ANGLE_RAD>
    <ANGLE_TURN>
    <CH>
    <DPCM>
    <DPI>
    <DPPX>
    <EM>
    <EX>
    <FR>
    <FREQ_HZ>
    <FREQ_KHZ>
    <LENGTH_CM>
    <LENGTH_IN>
    <LENGTH_MM>
    <LENGTH_PC>
    <LENGTH_PT>
    <LENGTH_Q>
    <NUMBER>
    <PERCENTAGE>
    <PX>
    <REM>
    <TIME_MS>
    <TIME_S>
    <VH>
    <VMAX>
    <VMIN>
    <VW>
)
2019-03-04 10:06:33,846 WARN c.h.c.r.e.LoggingCSSParseErrorHandler: Browser compliant mode skipped CSS from [1543:31] starting at token '-' until [1543:34] to token ';' (based on com.helger.css.parser.ParseException: Encountered unexpected token: " " <S>
    at line 1543, column 32.

Was expecting one of:

    <ANGLE_DEG>
    <ANGLE_GRAD>
    <ANGLE_RAD>
    <ANGLE_TURN>
    <CH>
    <DPCM>
    <DPI>
    <DPPX>
    <EM>
    <EX>
    <FR>
    <FREQ_HZ>
    <FREQ_KHZ>
    <LENGTH_CM>
    <LENGTH_IN>
    <LENGTH_MM>
    <LENGTH_PC>
    <LENGTH_PT>
    <LENGTH_Q>
    <NUMBER>
    <PERCENTAGE>
    <PX>
    <REM>
    <TIME_MS>
    <TIME_S>
    <VH>
    <VMAX>
    <VMIN>
    <VW>
)
2019-03-04 10:06:33,847 WARN c.h.c.r.e.LoggingCSSParseErrorHandler: Browser compliant mode skipped CSS from [1552:35] starting at token '-' until [1552:38] to token ';' (based on com.helger.css.parser.ParseException: Encountered unexpected token: " " <S>
    at line 1552, column 36.

Was expecting one of:

    <ANGLE_DEG>
    <ANGLE_GRAD>
    <ANGLE_RAD>
    <ANGLE_TURN>
    <CH>
    <DPCM>
    <DPI>
    <DPPX>
    <EM>
    <EX>
    <FR>
    <FREQ_HZ>
    <FREQ_KHZ>
    <LENGTH_CM>
    <LENGTH_IN>
    <LENGTH_MM>
    <LENGTH_PC>
    <LENGTH_PT>
    <LENGTH_Q>
    <NUMBER>
    <PERCENTAGE>
    <PX>
    <REM>
    <TIME_MS>
    <TIME_S>
    <VH>
    <VMAX>
    <VMIN>
    <VW>
)
2019-03-04 10:06:33,847 WARN c.h.c.r.e.LoggingCSSParseErrorHandler: Browser compliant mode skipped CSS from [1553:32] starting at token '-' until [1553:35] to token ';' (based on com.helger.css.parser.ParseException: Encountered unexpected token: " " <S>
    at line 1553, column 33.

Was expecting one of:

    <ANGLE_DEG>
    <ANGLE_GRAD>
    <ANGLE_RAD>
    <ANGLE_TURN>
    <CH>
    <DPCM>
    <DPI>
    <DPPX>
    <EM>
    <EX>
    <FR>
    <FREQ_HZ>
    <FREQ_KHZ>
    <LENGTH_CM>
    <LENGTH_IN>
    <LENGTH_MM>
    <LENGTH_PC>
    <LENGTH_PT>
    <LENGTH_Q>
    <NUMBER>
    <PERCENTAGE>
    <PX>
    <REM>
    <TIME_MS>
    <TIME_S>
    <VH>
    <VMAX>
    <VMIN>
    <VW>
)
2019-03-04 10:06:33,847 WARN c.h.c.r.e.LoggingCSSParseErrorHandler: Browser compliant mode skipped CSS from [1557:34] starting at token '-' until [1557:37] to token ';' (based on com.helger.css.parser.ParseException: Encountered unexpected token: " " <S>
    at line 1557, column 35.

Was expecting one of:

    <ANGLE_DEG>
    <ANGLE_GRAD>
    <ANGLE_RAD>
    <ANGLE_TURN>
    <CH>
    <DPCM>
    <DPI>
    <DPPX>
    <EM>
    <EX>
    <FR>
    <FREQ_HZ>
    <FREQ_KHZ>
    <LENGTH_CM>
    <LENGTH_IN>
    <LENGTH_MM>
    <LENGTH_PC>
    <LENGTH_PT>
    <LENGTH_Q>
    <NUMBER>
    <PERCENTAGE>
    <PX>
    <REM>
    <TIME_MS>
    <TIME_S>
    <VH>
    <VMAX>
    <VMIN>
    <VW>
)
2019-03-04 10:06:33,848 WARN c.h.c.r.e.LoggingCSSParseErrorHandler: Browser compliant mode skipped CSS from [1558:31] starting at token '-' until [1558:34] to token ';' (based on com.helger.css.parser.ParseException: Encountered unexpected token: " " <S>
    at line 1558, column 32.

Was expecting one of:

    <ANGLE_DEG>
    <ANGLE_GRAD>
    <ANGLE_RAD>
    <ANGLE_TURN>
    <CH>
    <DPCM>
    <DPI>
    <DPPX>
    <EM>
    <EX>
    <FR>
    <FREQ_HZ>
    <FREQ_KHZ>
    <LENGTH_CM>
    <LENGTH_IN>
    <LENGTH_MM>
    <LENGTH_PC>
    <LENGTH_PT>
    <LENGTH_Q>
    <NUMBER>
    <PERCENTAGE>
    <PX>
    <REM>
    <TIME_MS>
    <TIME_S>
    <VH>
    <VMAX>
    <VMIN>
    <VW>
)
2019-03-04 10:06:35,668 INFO o.a.j.t.JMeterThread: Thread started: Thread Group 1-4
2019-03-04 10:06:38,668 INFO o.a.j.t.JMeterThread: Thread started: Thread Group 1-5
2019-03-04 10:06:41,669 INFO o.a.j.t.JMeterThread: Thread started: Thread Group 1-6
2019-03-04 10:06:44,672 INFO o.a.j.t.JMeterThread: Thread started: Thread Group 1-7
2019-03-04 10:06:47,676 INFO o.a.j.t.JMeterThread: Thread started: Thread Group 1-8
2019-03-04 10:06:50,693 INFO o.a.j.t.JMeterThread: Thread started: Thread Group 1-9
2019-03-04 10:06:53,685 INFO o.a.j.t.JMeterThread: Thread started: Thread Group 1-10
2019-03-04 10:06:54,280 WARN c.h.c.r.e.LoggingCSSParseErrorHandler: Browser compliant mode skipped CSS from [53:20] starting at token ' ' until [56:1] to token '}' (based on com.helger.css.parser.ParseException: Encountered unexpected token: "*" "*"
    at line 53, column 21.

Was expecting one of:

    "+"
    "-"
    "/"
    ";"
    "="
    "["
    "and"
    "expression("
    "from"
    "inherit"
    "not"
    "only"
    "or"
    "to"
    "}"
    <ANGLE_DEG>
    <ANGLE_GRAD>
    <ANGLE_RAD>
    <ANGLE_TURN>
    <CH>
    <COMMA>
    <DPCM>
    <DPI>
    <DPPX>
    <EM>
    <EX>
    <FR>
    <FREQ_HZ>
    <FREQ_KHZ>
    <FUNCTION>
    <FUNCTION_CALC>
    <HASH>
    <IDENT>
    <IMPORTANT_SYM>
    <LENGTH_CM>
    <LENGTH_IN>
    <LENGTH_MM>
    <LENGTH_PC>
    <LENGTH_PT>
    <LENGTH_Q>
    <NUMBER>
    <PERCENTAGE>
    <PX>
    <REM>
    <S>
    <STRING1>
    <STRING2>
    <TIME_MS>
    <TIME_S>
    <URANGE>
    <URL>
    <VH>
    <VMAX>
    <VMIN>
    <VW>
)
2019-03-04 10:06:54,290 WARN c.h.c.r.e.LoggingCSSParseErrorHandler: Browser compliant mode skipped CSS from [110:21] starting at token ' ' until [111:1] to token '}' (based on com.helger.css.parser.ParseException: Encountered unexpected token: "*" "*"
    at line 110, column 22.

Was expecting one of:

    "+"
    "-"
    "/"
    ";"
    "="
    "["
    "and"
    "expression("
    "from"
    "inherit"
    "not"
    "only"
    "or"
    "to"
    "}"
    <ANGLE_DEG>
    <ANGLE_GRAD>
    <ANGLE_RAD>
    <ANGLE_TURN>
    <CH>
    <COMMA>
    <DPCM>
    <DPI>
    <DPPX>
    <EM>
    <EX>
    <FR>
    <FREQ_HZ>
    <FREQ_KHZ>
    <FUNCTION>
    <FUNCTION_CALC>
    <HASH>
    <IDENT>
    <IMPORTANT_SYM>
    <LENGTH_CM>
    <LENGTH_IN>
    <LENGTH_MM>
    <LENGTH_PC>
    <LENGTH_PT>
    <LENGTH_Q>
    <NUMBER>
    <PERCENTAGE>
    <PX>
    <REM>
    <S>
    <STRING1>
    <STRING2>
    <TIME_MS>
    <TIME_S>
    <URANGE>
    <URL>
    <VH>
    <VMAX>
    <VMIN>
    <VW>
)
2019-03-04 10:06:54,290 WARN c.h.c.r.e.LoggingCSSParseErrorHandler: Browser compliant mode skipped CSS from [126:22] starting at token ' ' until [127:1] to token '}' (based on com.helger.css.parser.ParseException: Encountered unexpected token: "*" "*"
    at line 126, column 23.

Was expecting one of:

    "+"
    "-"
    "/"
    ";"
    "="
    "["
    "and"
    "expression("
    "from"
    "inherit"
    "not"
    "only"
    "or"
    "to"
    "}"
    <ANGLE_DEG>
    <ANGLE_GRAD>
    <ANGLE_RAD>
    <ANGLE_TURN>
    <CH>
    <COMMA>
    <DPCM>
    <DPI>
    <DPPX>
    <EM>
    <EX>
    <FR>
    <FREQ_HZ>
    <FREQ_KHZ>
    <FUNCTION>
    <FUNCTION_CALC>
    <HASH>
    <IDENT>
    <IMPORTANT_SYM>
    <LENGTH_CM>
    <LENGTH_IN>
    <LENGTH_MM>
    <LENGTH_PC>
    <LENGTH_PT>
    <LENGTH_Q>
    <NUMBER>
    <PERCENTAGE>
    <PX>
    <REM>
    <S>
    <STRING1>
    <STRING2>
    <TIME_MS>
    <TIME_S>
    <URANGE>
    <URL>
    <VH>
    <VMAX>
    <VMIN>
    <VW>
)
2019-03-04 10:06:54,495 WARN c.h.c.r.e.LoggingCSSParseErrorHandler: Browser compliant mode skipped CSS from [1473:34] starting at token '-' until [1473:37] to token ';' (based on com.helger.css.parser.ParseException: Encountered unexpected token: " " <S>
    at line 1473, column 35.

Was expecting one of:

    <ANGLE_DEG>
    <ANGLE_GRAD>
    <ANGLE_RAD>
    <ANGLE_TURN>
    <CH>
    <DPCM>
    <DPI>
    <DPPX>
    <EM>
    <EX>
    <FR>
    <FREQ_HZ>
    <FREQ_KHZ>
    <LENGTH_CM>
    <LENGTH_IN>
    <LENGTH_MM>
    <LENGTH_PC>
    <LENGTH_PT>
    <LENGTH_Q>
    <NUMBER>
    <PERCENTAGE>
    <PX>
    <REM>
    <TIME_MS>
    <TIME_S>
    <VH>
    <VMAX>
    <VMIN>
    <VW>
)
2019-03-04 10:06:54,496 WARN c.h.c.r.e.LoggingCSSParseErrorHandler: Browser compliant mode skipped CSS from [1474:31] starting at token '-' until [1474:34] to token ';' (based on com.helger.css.parser.ParseException: Encountered unexpected token: " " <S>
    at line 1474, column 32.

Was expecting one of:

    <ANGLE_DEG>
    <ANGLE_GRAD>
    <ANGLE_RAD>
    <ANGLE_TURN>
    <CH>
    <DPCM>
    <DPI>
    <DPPX>
    <EM>
    <EX>
    <FR>
    <FREQ_HZ>
    <FREQ_KHZ>
    <LENGTH_CM>
    <LENGTH_IN>
    <LENGTH_MM>
    <LENGTH_PC>
    <LENGTH_PT>
    <LENGTH_Q>
    <NUMBER>
    <PERCENTAGE>
    <PX>
    <REM>
    <TIME_MS>
    <TIME_S>
    <VH>
    <VMAX>
    <VMIN>
    <VW>
)
2019-03-04 10:06:54,496 WARN c.h.c.r.e.LoggingCSSParseErrorHandler: Browser compliant mode skipped CSS from [1477:35] starting at token '-' until [1477:38] to token ';' (based on com.helger.css.parser.ParseException: Encountered unexpected token: " " <S>
    at line 1477, column 36.

Was expecting one of:

    <ANGLE_DEG>
    <ANGLE_GRAD>
    <ANGLE_RAD>
    <ANGLE_TURN>
    <CH>
    <DPCM>
    <DPI>
    <DPPX>
    <EM>
    <EX>
    <FR>
    <FREQ_HZ>
    <FREQ_KHZ>
    <LENGTH_CM>
    <LENGTH_IN>
    <LENGTH_MM>
    <LENGTH_PC>
    <LENGTH_PT>
    <LENGTH_Q>
    <NUMBER>
    <PERCENTAGE>
    <PX>
    <REM>
    <TIME_MS>
    <TIME_S>
    <VH>
    <VMAX>
    <VMIN>
    <VW>
)
2019-03-04 10:06:54,506 WARN c.h.c.r.e.LoggingCSSParseErrorHandler: Browser compliant mode skipped CSS from [1478:32] starting at token '-' until [1478:35] to token ';' (based on com.helger.css.parser.ParseException: Encountered unexpected token: " " <S>
    at line 1478, column 33.

Was expecting one of:

    <ANGLE_DEG>
    <ANGLE_GRAD>
    <ANGLE_RAD>
    <ANGLE_TURN>
    <CH>
    <DPCM>
    <DPI>
    <DPPX>
    <EM>
    <EX>
    <FR>
    <FREQ_HZ>
    <FREQ_KHZ>
    <LENGTH_CM>
    <LENGTH_IN>
    <LENGTH_MM>
    <LENGTH_PC>
    <LENGTH_PT>
    <LENGTH_Q>
    <NUMBER>
    <PERCENTAGE>
    <PX>
    <REM>
    <TIME_MS>
    <TIME_S>
    <VH>
    <VMAX>
    <VMIN>
    <VW>
)
2019-03-04 10:06:54,509 WARN c.h.c.r.e.LoggingCSSParseErrorHandler: Browser compliant mode skipped CSS from [1536:35] starting at token '-' until [1536:38] to token ';' (based on com.helger.css.parser.ParseException: Encountered unexpected token: " " <S>
    at line 1536, column 36.

Was expecting one of:

    <ANGLE_DEG>
    <ANGLE_GRAD>
    <ANGLE_RAD>
    <ANGLE_TURN>
    <CH>
    <DPCM>
    <DPI>
    <DPPX>
    <EM>
    <EX>
    <FR>
    <FREQ_HZ>
    <FREQ_KHZ>
    <LENGTH_CM>
    <LENGTH_IN>
    <LENGTH_MM>
    <LENGTH_PC>
    <LENGTH_PT>
    <LENGTH_Q>
    <NUMBER>
    <PERCENTAGE>
    <PX>
    <REM>
    <TIME_MS>
    <TIME_S>
    <VH>
    <VMAX>
    <VMIN>
    <VW>
)
2019-03-04 10:06:54,509 WARN c.h.c.r.e.LoggingCSSParseErrorHandler: Browser compliant mode skipped CSS from [1537:32] starting at token '-' until [1537:35] to token ';' (based on com.helger.css.parser.ParseException: Encountered unexpected token: " " <S>
    at line 1537, column 33.

Was expecting one of:

    <ANGLE_DEG>
    <ANGLE_GRAD>
    <ANGLE_RAD>
    <ANGLE_TURN>
    <CH>
    <DPCM>
    <DPI>
    <DPPX>
    <EM>
    <EX>
    <FR>
    <FREQ_HZ>
    <FREQ_KHZ>
    <LENGTH_CM>
    <LENGTH_IN>
    <LENGTH_MM>
    <LENGTH_PC>
    <LENGTH_PT>
    <LENGTH_Q>
    <NUMBER>
    <PERCENTAGE>
    <PX>
    <REM>
    <TIME_MS>
    <TIME_S>
    <VH>
    <VMAX>
    <VMIN>
    <VW>
)
2019-03-04 10:06:54,509 WARN c.h.c.r.e.LoggingCSSParseErrorHandler: Browser compliant mode skipped CSS from [1542:34] starting at token '-' until [1542:37] to token ';' (based on com.helger.css.parser.ParseException: Encountered unexpected token: " " <S>
    at line 1542, column 35.

Was expecting one of:

    <ANGLE_DEG>
    <ANGLE_GRAD>
    <ANGLE_RAD>
    <ANGLE_TURN>
    <CH>
    <DPCM>
    <DPI>
    <DPPX>
    <EM>
    <EX>
    <FR>
    <FREQ_HZ>
    <FREQ_KHZ>
    <LENGTH_CM>
    <LENGTH_IN>
    <LENGTH_MM>
    <LENGTH_PC>
    <LENGTH_PT>
    <LENGTH_Q>
    <NUMBER>
    <PERCENTAGE>
    <PX>
    <REM>
    <TIME_MS>
    <TIME_S>
    <VH>
    <VMAX>
    <VMIN>
    <VW>
)
2019-03-04 10:06:54,510 WARN c.h.c.r.e.LoggingCSSParseErrorHandler: Browser compliant mode skipped CSS from [1543:31] starting at token '-' until [1543:34] to token ';' (based on com.helger.css.parser.ParseException: Encountered unexpected token: " " <S>
    at line 1543, column 32.

Was expecting one of:

    <ANGLE_DEG>
    <ANGLE_GRAD>
    <ANGLE_RAD>
    <ANGLE_TURN>
    <CH>
    <DPCM>
    <DPI>
    <DPPX>
    <EM>
    <EX>
    <FR>
    <FREQ_HZ>
    <FREQ_KHZ>
    <LENGTH_CM>
    <LENGTH_IN>
    <LENGTH_MM>
    <LENGTH_PC>
    <LENGTH_PT>
    <LENGTH_Q>
    <NUMBER>
    <PERCENTAGE>
    <PX>
    <REM>
    <TIME_MS>
    <TIME_S>
    <VH>
    <VMAX>
    <VMIN>
    <VW>
)
2019-03-04 10:06:54,510 WARN c.h.c.r.e.LoggingCSSParseErrorHandler: Browser compliant mode skipped CSS from [1552:35] starting at token '-' until [1552:38] to token ';' (based on com.helger.css.parser.ParseException: Encountered unexpected token: " " <S>
    at line 1552, column 36.

Was expecting one of:

    <ANGLE_DEG>
    <ANGLE_GRAD>
    <ANGLE_RAD>
    <ANGLE_TURN>
    <CH>
    <DPCM>
    <DPI>
    <DPPX>
    <EM>
    <EX>
    <FR>
    <FREQ_HZ>
    <FREQ_KHZ>
    <LENGTH_CM>
    <LENGTH_IN>
    <LENGTH_MM>
    <LENGTH_PC>
    <LENGTH_PT>
    <LENGTH_Q>
    <NUMBER>
    <PERCENTAGE>
    <PX>
    <REM>
    <TIME_MS>
    <TIME_S>
    <VH>
    <VMAX>
    <VMIN>
    <VW>
)
2019-03-04 10:06:54,511 WARN c.h.c.r.e.LoggingCSSParseErrorHandler: Browser compliant mode skipped CSS from [1553:32] starting at token '-' until [1553:35] to token ';' (based on com.helger.css.parser.ParseException: Encountered unexpected token: " " <S>
    at line 1553, column 33.

Was expecting one of:

    <ANGLE_DEG>
    <ANGLE_GRAD>
    <ANGLE_RAD>
    <ANGLE_TURN>
    <CH>
    <DPCM>
    <DPI>
    <DPPX>
    <EM>
    <EX>
    <FR>
    <FREQ_HZ>
    <FREQ_KHZ>
    <LENGTH_CM>
    <LENGTH_IN>
    <LENGTH_MM>
    <LENGTH_PC>
    <LENGTH_PT>
    <LENGTH_Q>
    <NUMBER>
    <PERCENTAGE>
    <PX>
    <REM>
    <TIME_MS>
    <TIME_S>
    <VH>
    <VMAX>
    <VMIN>
    <VW>
)
2019-03-04 10:06:54,527 WARN c.h.c.r.e.LoggingCSSParseErrorHandler: Browser compliant mode skipped CSS from [1557:34] starting at token '-' until [1557:37] to token ';' (based on com.helger.css.parser.ParseException: Encountered unexpected token: " " <S>
    at line 1557, column 35.

Was expecting one of:

    <ANGLE_DEG>
    <ANGLE_GRAD>
    <ANGLE_RAD>
    <ANGLE_TURN>
    <CH>
    <DPCM>
    <DPI>
    <DPPX>
    <EM>
    <EX>
    <FR>
    <FREQ_HZ>
    <FREQ_KHZ>
    <LENGTH_CM>
    <LENGTH_IN>
    <LENGTH_MM>
    <LENGTH_PC>
    <LENGTH_PT>
    <LENGTH_Q>
    <NUMBER>
    <PERCENTAGE>
    <PX>
    <REM>
    <TIME_MS>
    <TIME_S>
    <VH>
    <VMAX>
    <VMIN>
    <VW>
)
2019-03-04 10:06:54,529 WARN c.h.c.r.e.LoggingCSSParseErrorHandler: Browser compliant mode skipped CSS from [1558:31] starting at token '-' until [1558:34] to token ';' (based on com.helger.css.parser.ParseException: Encountered unexpected token: " " <S>
    at line 1558, column 32.

Was expecting one of:

    <ANGLE_DEG>
    <ANGLE_GRAD>
    <ANGLE_RAD>
    <ANGLE_TURN>
    <CH>
    <DPCM>
    <DPI>
    <DPPX>
    <EM>
    <EX>
    <FR>
    <FREQ_HZ>
    <FREQ_KHZ>
    <LENGTH_CM>
    <LENGTH_IN>
    <LENGTH_MM>
    <LENGTH_PC>
    <LENGTH_PT>
    <LENGTH_Q>
    <NUMBER>
    <PERCENTAGE>
    <PX>
    <REM>
    <TIME_MS>
    <TIME_S>
    <VH>
    <VMAX>
    <VMIN>
    <VW>
)
2019-03-04 10:06:56,688 INFO o.a.j.t.JMeterThread: Thread started: Thread Group 1-11
2019-03-04 10:06:59,688 INFO o.a.j.t.JMeterThread: Thread started: Thread Group 1-12
2019-03-04 10:07:02,690 INFO o.a.j.t.JMeterThread: Thread started: Thread Group 1-13
2019-03-04 10:07:05,698 INFO o.a.j.t.JMeterThread: Thread started: Thread Group 1-14
2019-03-04 10:07:08,699 INFO o.a.j.t.JMeterThread: Thread started: Thread Group 1-15
2019-03-04 10:07:11,700 INFO o.a.j.t.JMeterThread: Thread started: Thread Group 1-16
2019-03-04 10:07:12,385 WARN c.h.c.r.e.LoggingCSSParseErrorHandler: Browser compliant mode skipped CSS from [53:20] starting at token ' ' until [56:1] to token '}' (based on com.helger.css.parser.ParseException: Encountered unexpected token: "*" "*"
    at line 53, column 21.

Was expecting one of:

    "+"
    "-"
    "/"
    ";"
    "="
    "["
    "and"
    "expression("
    "from"
    "inherit"
    "not"
    "only"
    "or"
    "to"
    "}"
    <ANGLE_DEG>
    <ANGLE_GRAD>
    <ANGLE_RAD>
    <ANGLE_TURN>
    <CH>
    <COMMA>
    <DPCM>
    <DPI>
    <DPPX>
    <EM>
    <EX>
    <FR>
    <FREQ_HZ>
    <FREQ_KHZ>
    <FUNCTION>
    <FUNCTION_CALC>
    <HASH>
    <IDENT>
    <IMPORTANT_SYM>
    <LENGTH_CM>
    <LENGTH_IN>
    <LENGTH_MM>
    <LENGTH_PC>
    <LENGTH_PT>
    <LENGTH_Q>
    <NUMBER>
    <PERCENTAGE>
    <PX>
    <REM>
    <S>
    <STRING1>
    <STRING2>
    <TIME_MS>
    <TIME_S>
    <URANGE>
    <URL>
    <VH>
    <VMAX>
    <VMIN>
    <VW>
)
2019-03-04 10:07:12,387 WARN c.h.c.r.e.LoggingCSSParseErrorHandler: Browser compliant mode skipped CSS from [110:21] starting at token ' ' until [111:1] to token '}' (based on com.helger.css.parser.ParseException: Encountered unexpected token: "*" "*"
    at line 110, column 22.

Was expecting one of:

    "+"
    "-"
    "/"
    ";"
    "="
    "["
    "and"
    "expression("
    "from"
    "inherit"
    "not"
    "only"
    "or"
    "to"
    "}"
    <ANGLE_DEG>
    <ANGLE_GRAD>
    <ANGLE_RAD>
    <ANGLE_TURN>
    <CH>
    <COMMA>
    <DPCM>
    <DPI>
    <DPPX>
    <EM>
    <EX>
    <FR>
    <FREQ_HZ>
    <FREQ_KHZ>
    <FUNCTION>
    <FUNCTION_CALC>
    <HASH>
    <IDENT>
    <IMPORTANT_SYM>
    <LENGTH_CM>
    <LENGTH_IN>
    <LENGTH_MM>
    <LENGTH_PC>
    <LENGTH_PT>
    <LENGTH_Q>
    <NUMBER>
    <PERCENTAGE>
    <PX>
    <REM>
    <S>
    <STRING1>
    <STRING2>
    <TIME_MS>
    <TIME_S>
    <URANGE>
    <URL>
    <VH>
    <VMAX>
    <VMIN>
    <VW>
)
2019-03-04 10:07:12,388 WARN c.h.c.r.e.LoggingCSSParseErrorHandler: Browser compliant mode skipped CSS from [126:22] starting at token ' ' until [127:1] to token '}' (based on com.helger.css.parser.ParseException: Encountered unexpected token: "*" "*"
    at line 126, column 23.

Was expecting one of:

    "+"
    "-"
    "/"
    ";"
    "="
    "["
    "and"
    "expression("
    "from"
    "inherit"
    "not"
    "only"
    "or"
    "to"
    "}"
    <ANGLE_DEG>
    <ANGLE_GRAD>
    <ANGLE_RAD>
    <ANGLE_TURN>
    <CH>
    <COMMA>
    <DPCM>
    <DPI>
    <DPPX>
    <EM>
    <EX>
    <FR>
    <FREQ_HZ>
    <FREQ_KHZ>
    <FUNCTION>
    <FUNCTION_CALC>
    <HASH>
    <IDENT>
    <IMPORTANT_SYM>
    <LENGTH_CM>
    <LENGTH_IN>
    <LENGTH_MM>
    <LENGTH_PC>
    <LENGTH_PT>
    <LENGTH_Q>
    <NUMBER>
    <PERCENTAGE>
    <PX>
    <REM>
    <S>
    <STRING1>
    <STRING2>
    <TIME_MS>
    <TIME_S>
    <URANGE>
    <URL>
    <VH>
    <VMAX>
    <VMIN>
    <VW>
)
2019-03-04 10:07:12,423 WARN c.h.c.r.e.LoggingCSSParseErrorHandler: Browser compliant mode skipped CSS from [1473:34] starting at token '-' until [1473:37] to token ';' (based on com.helger.css.parser.ParseException: Encountered unexpected token: " " <S>
    at line 1473, column 35.

Was expecting one of:

    <ANGLE_DEG>
    <ANGLE_GRAD>
    <ANGLE_RAD>
    <ANGLE_TURN>
    <CH>
    <DPCM>
    <DPI>
    <DPPX>
    <EM>
    <EX>
    <FR>
    <FREQ_HZ>
    <FREQ_KHZ>
    <LENGTH_CM>
    <LENGTH_IN>
    <LENGTH_MM>
    <LENGTH_PC>
    <LENGTH_PT>
    <LENGTH_Q>
    <NUMBER>
    <PERCENTAGE>
    <PX>
    <REM>
    <TIME_MS>
    <TIME_S>
    <VH>
    <VMAX>
    <VMIN>
    <VW>
)
2019-03-04 10:07:12,423 WARN c.h.c.r.e.LoggingCSSParseErrorHandler: Browser compliant mode skipped CSS from [1474:31] starting at token '-' until [1474:34] to token ';' (based on com.helger.css.parser.ParseException: Encountered unexpected token: " " <S>
    at line 1474, column 32.

Was expecting one of:

    <ANGLE_DEG>
    <ANGLE_GRAD>
    <ANGLE_RAD>
    <ANGLE_TURN>
    <CH>
    <DPCM>
    <DPI>
    <DPPX>
    <EM>
    <EX>
    <FR>
    <FREQ_HZ>
    <FREQ_KHZ>
    <LENGTH_CM>
    <LENGTH_IN>
    <LENGTH_MM>
    <LENGTH_PC>
    <LENGTH_PT>
    <LENGTH_Q>
    <NUMBER>
    <PERCENTAGE>
    <PX>
    <REM>
    <TIME_MS>
    <TIME_S>
    <VH>
    <VMAX>
    <VMIN>
    <VW>
)
2019-03-04 10:07:12,424 WARN c.h.c.r.e.LoggingCSSParseErrorHandler: Browser compliant mode skipped CSS from [1477:35] starting at token '-' until [1477:38] to token ';' (based on com.helger.css.parser.ParseException: Encountered unexpected token: " " <S>
    at line 1477, column 36.

Was expecting one of:

    <ANGLE_DEG>
    <ANGLE_GRAD>
    <ANGLE_RAD>
    <ANGLE_TURN>
    <CH>
    <DPCM>
    <DPI>
    <DPPX>
    <EM>
    <EX>
    <FR>
    <FREQ_HZ>
    <FREQ_KHZ>
    <LENGTH_CM>
    <LENGTH_IN>
    <LENGTH_MM>
    <LENGTH_PC>
    <LENGTH_PT>
    <LENGTH_Q>
    <NUMBER>
    <PERCENTAGE>
    <PX>
    <REM>
    <TIME_MS>
    <TIME_S>
    <VH>
    <VMAX>
    <VMIN>
    <VW>
)
2019-03-04 10:07:12,424 WARN c.h.c.r.e.LoggingCSSParseErrorHandler: Browser compliant mode skipped CSS from [1478:32] starting at token '-' until [1478:35] to token ';' (based on com.helger.css.parser.ParseException: Encountered unexpected token: " " <S>
    at line 1478, column 33.

Was expecting one of:

    <ANGLE_DEG>
    <ANGLE_GRAD>
    <ANGLE_RAD>
    <ANGLE_TURN>
    <CH>
    <DPCM>
    <DPI>
    <DPPX>
    <EM>
    <EX>
    <FR>
    <FREQ_HZ>
    <FREQ_KHZ>
    <LENGTH_CM>
    <LENGTH_IN>
    <LENGTH_MM>
    <LENGTH_PC>
    <LENGTH_PT>
    <LENGTH_Q>
    <NUMBER>
    <PERCENTAGE>
    <PX>
    <REM>
    <TIME_MS>
    <TIME_S>
    <VH>
    <VMAX>
    <VMIN>
    <VW>
)
2019-03-04 10:07:12,426 WARN c.h.c.r.e.LoggingCSSParseErrorHandler: Browser compliant mode skipped CSS from [1536:35] starting at token '-' until [1536:38] to token ';' (based on com.helger.css.parser.ParseException: Encountered unexpected token: " " <S>
    at line 1536, column 36.

Was expecting one of:

    <ANGLE_DEG>
    <ANGLE_GRAD>
    <ANGLE_RAD>
    <ANGLE_TURN>
    <CH>
    <DPCM>
    <DPI>
    <DPPX>
    <EM>
    <EX>
    <FR>
    <FREQ_HZ>
    <FREQ_KHZ>
    <LENGTH_CM>
    <LENGTH_IN>
    <LENGTH_MM>
    <LENGTH_PC>
    <LENGTH_PT>
    <LENGTH_Q>
    <NUMBER>
    <PERCENTAGE>
    <PX>
    <REM>
    <TIME_MS>
    <TIME_S>
    <VH>
    <VMAX>
    <VMIN>
    <VW>
)
2019-03-04 10:07:12,426 WARN c.h.c.r.e.LoggingCSSParseErrorHandler: Browser compliant mode skipped CSS from [1537:32] starting at token '-' until [1537:35] to token ';' (based on com.helger.css.parser.ParseException: Encountered unexpected token: " " <S>
    at line 1537, column 33.

Was expecting one of:

    <ANGLE_DEG>
    <ANGLE_GRAD>
    <ANGLE_RAD>
    <ANGLE_TURN>
    <CH>
    <DPCM>
    <DPI>
    <DPPX>
    <EM>
    <EX>
    <FR>
    <FREQ_HZ>
    <FREQ_KHZ>
    <LENGTH_CM>
    <LENGTH_IN>
    <LENGTH_MM>
    <LENGTH_PC>
    <LENGTH_PT>
    <LENGTH_Q>
    <NUMBER>
    <PERCENTAGE>
    <PX>
    <REM>
    <TIME_MS>
    <TIME_S>
    <VH>
    <VMAX>
    <VMIN>
    <VW>
)
2019-03-04 10:07:12,427 WARN c.h.c.r.e.LoggingCSSParseErrorHandler: Browser compliant mode skipped CSS from [1542:34] starting at token '-' until [1542:37] to token ';' (based on com.helger.css.parser.ParseException: Encountered unexpected token: " " <S>
    at line 1542, column 35.

Was expecting one of:

    <ANGLE_DEG>
    <ANGLE_GRAD>
    <ANGLE_RAD>
    <ANGLE_TURN>
    <CH>
    <DPCM>
    <DPI>
    <DPPX>
    <EM>
    <EX>
    <FR>
    <FREQ_HZ>
    <FREQ_KHZ>
    <LENGTH_CM>
    <LENGTH_IN>
    <LENGTH_MM>
    <LENGTH_PC>
    <LENGTH_PT>
    <LENGTH_Q>
    <NUMBER>
    <PERCENTAGE>
    <PX>
    <REM>
    <TIME_MS>
    <TIME_S>
    <VH>
    <VMAX>
    <VMIN>
    <VW>
)
2019-03-04 10:07:12,427 WARN c.h.c.r.e.LoggingCSSParseErrorHandler: Browser compliant mode skipped CSS from [1543:31] starting at token '-' until [1543:34] to token ';' (based on com.helger.css.parser.ParseException: Encountered unexpected token: " " <S>
    at line 1543, column 32.

Was expecting one of:

    <ANGLE_DEG>
    <ANGLE_GRAD>
    <ANGLE_RAD>
    <ANGLE_TURN>
    <CH>
    <DPCM>
    <DPI>
    <DPPX>
    <EM>
    <EX>
    <FR>
    <FREQ_HZ>
    <FREQ_KHZ>
    <LENGTH_CM>
    <LENGTH_IN>
    <LENGTH_MM>
    <LENGTH_PC>
    <LENGTH_PT>
    <LENGTH_Q>
    <NUMBER>
    <PERCENTAGE>
    <PX>
    <REM>
    <TIME_MS>
    <TIME_S>
    <VH>
    <VMAX>
    <VMIN>
    <VW>
)
2019-03-04 10:07:12,428 WARN c.h.c.r.e.LoggingCSSParseErrorHandler: Browser compliant mode skipped CSS from [1552:35] starting at token '-' until [1552:38] to token ';' (based on com.helger.css.parser.ParseException: Encountered unexpected token: " " <S>
    at line 1552, column 36.

Was expecting one of:

    <ANGLE_DEG>
    <ANGLE_GRAD>
    <ANGLE_RAD>
    <ANGLE_TURN>
    <CH>
    <DPCM>
    <DPI>
    <DPPX>
    <EM>
    <EX>
    <FR>
    <FREQ_HZ>
    <FREQ_KHZ>
    <LENGTH_CM>
    <LENGTH_IN>
    <LENGTH_MM>
    <LENGTH_PC>
    <LENGTH_PT>
    <LENGTH_Q>
    <NUMBER>
    <PERCENTAGE>
    <PX>
    <REM>
    <TIME_MS>
    <TIME_S>
    <VH>
    <VMAX>
    <VMIN>
    <VW>
)
2019-03-04 10:07:12,428 WARN c.h.c.r.e.LoggingCSSParseErrorHandler: Browser compliant mode skipped CSS from [1553:32] starting at token '-' until [1553:35] to token ';' (based on com.helger.css.parser.ParseException: Encountered unexpected token: " " <S>
    at line 1553, column 33.

Was expecting one of:

    <ANGLE_DEG>
    <ANGLE_GRAD>
    <ANGLE_RAD>
    <ANGLE_TURN>
    <CH>
    <DPCM>
    <DPI>
    <DPPX>
    <EM>
    <EX>
    <FR>
    <FREQ_HZ>
    <FREQ_KHZ>
    <LENGTH_CM>
    <LENGTH_IN>
    <LENGTH_MM>
    <LENGTH_PC>
    <LENGTH_PT>
    <LENGTH_Q>
    <NUMBER>
    <PERCENTAGE>
    <PX>
    <REM>
    <TIME_MS>
    <TIME_S>
    <VH>
    <VMAX>
    <VMIN>
    <VW>
)
2019-03-04 10:07:12,428 WARN c.h.c.r.e.LoggingCSSParseErrorHandler: Browser compliant mode skipped CSS from [1557:34] starting at token '-' until [1557:37] to token ';' (based on com.helger.css.parser.ParseException: Encountered unexpected token: " " <S>
    at line 1557, column 35.

Was expecting one of:

    <ANGLE_DEG>
    <ANGLE_GRAD>
    <ANGLE_RAD>
    <ANGLE_TURN>
    <CH>
    <DPCM>
    <DPI>
    <DPPX>
    <EM>
    <EX>
    <FR>
    <FREQ_HZ>
    <FREQ_KHZ>
    <LENGTH_CM>
    <LENGTH_IN>
    <LENGTH_MM>
    <LENGTH_PC>
    <LENGTH_PT>
    <LENGTH_Q>
    <NUMBER>
    <PERCENTAGE>
    <PX>
    <REM>
    <TIME_MS>
    <TIME_S>
    <VH>
    <VMAX>
    <VMIN>
    <VW>
)
2019-03-04 10:07:12,429 WARN c.h.c.r.e.LoggingCSSParseErrorHandler: Browser compliant mode skipped CSS from [1558:31] starting at token '-' until [1558:34] to token ';' (based on com.helger.css.parser.ParseException: Encountered unexpected token: " " <S>
    at line 1558, column 32.

Was expecting one of:

    <ANGLE_DEG>
    <ANGLE_GRAD>
    <ANGLE_RAD>
    <ANGLE_TURN>
    <CH>
    <DPCM>
    <DPI>
    <DPPX>
    <EM>
    <EX>
    <FR>
    <FREQ_HZ>
    <FREQ_KHZ>
    <LENGTH_CM>
    <LENGTH_IN>
    <LENGTH_MM>
    <LENGTH_PC>
    <LENGTH_PT>
    <LENGTH_Q>
    <NUMBER>
    <PERCENTAGE>
    <PX>
    <REM>
    <TIME_MS>
    <TIME_S>
    <VH>
    <VMAX>
    <VMIN>
    <VW>
)
2019-03-04 10:07:14,702 INFO o.a.j.t.JMeterThread: Thread started: Thread Group 1-17
2019-03-04 10:07:17,709 INFO o.a.j.t.JMeterThread: Thread started: Thread Group 1-18
2019-03-04 10:07:20,704 INFO o.a.j.t.JMeterThread: Thread started: Thread Group 1-19
2019-03-04 10:07:23,714 INFO o.a.j.t.JMeterThread: Thread started: Thread Group 1-20
2019-03-04 10:09:33,791 INFO o.a.j.JMeter: Command: Shutdown received from /127.0.0.1
2019-03-04 10:09:33,792 WARN o.a.j.t.JMeterThread: Interrupting: Thread Group 1-20 sampler: https://auth.cheetah.volo2.com/auth/realms/4304/protocol/openid-connect/auth?client_id=web&redirect_uri=https%3A%2F%2Fapp.cheetah.volo2.com%2F4304&state=d32971d7-2e0e-44d3-8f40-c2827f73d773&response_mode=fragment&response_type=code&scope=openid&nonce=192d71d9-3566-48ea-a23b-a3933a16b54a
2019-03-04 10:09:33,792 WARN o.a.j.t.JMeterThread: The delay timer was interrupted - probably did not wait as long as intended.
2019-03-04 10:09:33,792 WARN o.a.j.t.JMeterThread: No operation pending
2019-03-04 10:09:33,793 INFO c.b.j.t.c.ConcurrencyThreadStarter: Done supplying threads
2019-03-04 10:09:33,794 WARN o.a.j.t.JMeterThread: The delay timer was interrupted - probably did not wait as long as intended.
2019-03-04 10:09:33,795 WARN o.a.j.t.JMeterThread: Interrupting: Thread Group 1-6 sampler: https://auth.cheetah.volo2.com/auth/realms/4304/protocol/openid-connect/auth?client_id=web&redirect_uri=https%3A%2F%2Fapp.cheetah.volo2.com%2F4304&state=d32971d7-2e0e-44d3-8f40-c2827f73d773&response_mode=fragment&response_type=code&scope=openid&nonce=192d71d9-3566-48ea-a23b-a3933a16b54a
2019-03-04 10:09:33,795 WARN o.a.j.t.JMeterThread: The delay timer was interrupted - probably did not wait as long as intended.
2019-03-04 10:09:33,801 WARN o.a.j.t.JMeterThread: The delay timer was interrupted - probably did not wait as long as intended.
2019-03-04 10:09:33,802 WARN o.a.j.t.JMeterThread: Interrupting: Thread Group 1-7 sampler: https://app.cheetah.volo2.com/4304#state=d32971d7-2e0e-44d3-8f40-c2827f73d773&session_state=4d077cda-e64c-484c-88a4-deff0c11f833&code=eyJhbGciOiJkaXIiLCJlbmMiOiJBMTI4Q0JDLUhTMjU2In0..JIxfIdnW3JwSGlOTtA0tGQ.eXx69a_qSAy2YbW7E3NVVOAQ-xXy1_iqAcbMBmOTo7E9ThWgyHN0_4BTMJ6ui5zCbd2qQsBiP4aJckI9TZxtx1vKpLHuQOwo_2eUWDtVryFkxHMhl6s_mC7gwWdPvTvrk1Kkj3M4bnGhyF-xffOCINtiREuL6DAoJiCImW7BLQfj_Rm49lysCe6ur_Y-X6oT_cnOin3wm0-tZCLJxswFkPAOrvC62vQA1BYg0uA-LkM-rrvx7YsyjJYaith1Re1e.LbIv6FHs3sh0g5mBZHPRhQ
2019-03-04 10:09:33,802 WARN o.a.j.t.JMeterThread: The delay timer was interrupted - probably did not wait as long as intended.
2019-03-04 10:09:33,802 WARN o.a.j.t.JMeterThread: No operation pending
2019-03-04 10:09:33,802 WARN o.a.j.t.JMeterThread: The delay timer was interrupted - probably did not wait as long as intended.
2019-03-04 10:09:33,803 WARN o.a.j.t.JMeterThread: The delay timer was interrupted - probably did not wait as long as intended.
2019-03-04 10:09:33,803 WARN o.a.j.t.JMeterThread: The delay timer was interrupted - probably did not wait as long as intended.
2019-03-04 10:09:33,804 WARN o.a.j.t.JMeterThread: The delay timer was interrupted - probably did not wait as long as intended.
2019-03-04 10:09:33,804 WARN o.a.j.t.JMeterThread: The delay timer was interrupted - probably did not wait as long as intended.
2019-03-04 10:09:33,804 WARN o.a.j.t.JMeterThread: The delay timer was interrupted - probably did not wait as long as intended.
2019-03-04 10:09:33,805 WARN o.a.j.t.JMeterThread: The delay timer was interrupted - probably did not wait as long as intended.
2019-03-04 10:09:33,806 WARN o.a.j.t.JMeterThread: The delay timer was interrupted - probably did not wait as long as intended.
2019-03-04 10:09:33,806 WARN o.a.j.t.JMeterThread: The delay timer was interrupted - probably did not wait as long as intended.
2019-03-04 10:09:33,807 WARN o.a.j.t.JMeterThread: The delay timer was interrupted - probably did not wait as long as intended.
2019-03-04 10:09:33,808 WARN o.a.j.t.JMeterThread: The delay timer was interrupted - probably did not wait as long as intended.
2019-03-04 10:09:33,809 WARN o.a.j.p.h.s.HTTPSamplerBase: Interrupted fetching embedded resources
java.lang.InterruptedException: null
	at java.util.concurrent.locks.AbstractQueuedSynchronizer$ConditionObject.reportInterruptAfterWait(AbstractQueuedSynchronizer.java:2014) ~[?:1.8.0_191]
	at java.util.concurrent.locks.AbstractQueuedSynchronizer$ConditionObject.await(AbstractQueuedSynchronizer.java:2048) ~[?:1.8.0_191]
	at java.util.concurrent.LinkedBlockingQueue.take(LinkedBlockingQueue.java:442) ~[?:1.8.0_191]
	at java.util.concurrent.ExecutorCompletionService.take(ExecutorCompletionService.java:193) ~[?:1.8.0_191]
	at org.apache.jmeter.protocol.http.sampler.ResourcesDownloader.invokeAllAndAwaitTermination(ResourcesDownloader.java:187) ~[ApacheJMeter_http.jar:5.0 r1840935]
	at org.apache.jmeter.protocol.http.sampler.HTTPSamplerBase.downloadPageResources(HTTPSamplerBase.java:1385) [ApacheJMeter_http.jar:5.0 r1840935]
	at org.apache.jmeter.protocol.http.sampler.HTTPSamplerBase.resultProcessing(HTTPSamplerBase.java:1699) [ApacheJMeter_http.jar:5.0 r1840935]
	at org.apache.jmeter.protocol.http.sampler.HTTPAbstractImpl.resultProcessing(HTTPAbstractImpl.java:547) [ApacheJMeter_http.jar:5.0 r1840935]
	at org.apache.jmeter.protocol.http.sampler.HTTPHC4Impl.sample(HTTPHC4Impl.java:649) [ApacheJMeter_http.jar:5.0 r1840935]
	at org.apache.jmeter.protocol.http.sampler.HTTPSamplerProxy.sample(HTTPSamplerProxy.java:67) [ApacheJMeter_http.jar:5.0 r1840935]
	at org.apache.jmeter.protocol.http.sampler.HTTPSamplerBase.sample(HTTPSamplerBase.java:1231) [ApacheJMeter_http.jar:5.0 r1840935]
	at org.apache.jmeter.protocol.http.sampler.HTTPSamplerBase.sample(HTTPSamplerBase.java:1220) [ApacheJMeter_http.jar:5.0 r1840935]
	at org.apache.jmeter.threads.JMeterThread.doSampling(JMeterThread.java:622) [ApacheJMeter_core.jar:5.0 r1840935]
	at org.apache.jmeter.threads.JMeterThread.executeSamplePackage(JMeterThread.java:546) [ApacheJMeter_core.jar:5.0 r1840935]
	at org.apache.jmeter.threads.JMeterThread.processSampler(JMeterThread.java:486) [ApacheJMeter_core.jar:5.0 r1840935]
	at org.apache.jmeter.threads.JMeterThread.run(JMeterThread.java:253) [ApacheJMeter_core.jar:5.0 r1840935]
	at java.lang.Thread.run(Thread.java:748) [?:1.8.0_191]
2019-03-04 10:09:33,809 INFO o.a.j.t.JMeterThread: Thread is done: Thread Group 1-7
2019-03-04 10:09:33,809 INFO o.a.j.t.JMeterThread: Thread finished: Thread Group 1-7
2019-03-04 10:09:33,804 WARN o.a.j.t.JMeterThread: The delay timer was interrupted - probably did not wait as long as intended.
2019-03-04 10:09:33,814 INFO o.a.j.t.JMeterThread: Thread is done: Thread Group 1-6
2019-03-04 10:09:33,814 INFO o.a.j.t.JMeterThread: Thread finished: Thread Group 1-6
2019-03-04 10:09:33,793 WARN o.a.j.p.h.s.HTTPSamplerBase: Interrupted fetching embedded resources
java.lang.InterruptedException: null
	at java.util.concurrent.locks.AbstractQueuedSynchronizer$ConditionObject.reportInterruptAfterWait(AbstractQueuedSynchronizer.java:2014) ~[?:1.8.0_191]
	at java.util.concurrent.locks.AbstractQueuedSynchronizer$ConditionObject.await(AbstractQueuedSynchronizer.java:2048) ~[?:1.8.0_191]
	at java.util.concurrent.LinkedBlockingQueue.take(LinkedBlockingQueue.java:442) ~[?:1.8.0_191]
	at java.util.concurrent.ExecutorCompletionService.take(ExecutorCompletionService.java:193) ~[?:1.8.0_191]
	at org.apache.jmeter.protocol.http.sampler.ResourcesDownloader.invokeAllAndAwaitTermination(ResourcesDownloader.java:187) ~[ApacheJMeter_http.jar:5.0 r1840935]
	at org.apache.jmeter.protocol.http.sampler.HTTPSamplerBase.downloadPageResources(HTTPSamplerBase.java:1385) [ApacheJMeter_http.jar:5.0 r1840935]
	at org.apache.jmeter.protocol.http.sampler.HTTPSamplerBase.resultProcessing(HTTPSamplerBase.java:1699) [ApacheJMeter_http.jar:5.0 r1840935]
	at org.apache.jmeter.protocol.http.sampler.HTTPAbstractImpl.resultProcessing(HTTPAbstractImpl.java:547) [ApacheJMeter_http.jar:5.0 r1840935]
	at org.apache.jmeter.protocol.http.sampler.HTTPHC4Impl.sample(HTTPHC4Impl.java:649) [ApacheJMeter_http.jar:5.0 r1840935]
	at org.apache.jmeter.protocol.http.sampler.HTTPSamplerProxy.sample(HTTPSamplerProxy.java:67) [ApacheJMeter_http.jar:5.0 r1840935]
	at org.apache.jmeter.protocol.http.sampler.HTTPSamplerBase.sample(HTTPSamplerBase.java:1231) [ApacheJMeter_http.jar:5.0 r1840935]
	at org.apache.jmeter.protocol.http.sampler.HTTPSamplerBase.sample(HTTPSamplerBase.java:1220) [ApacheJMeter_http.jar:5.0 r1840935]
	at org.apache.jmeter.threads.JMeterThread.doSampling(JMeterThread.java:622) [ApacheJMeter_core.jar:5.0 r1840935]
	at org.apache.jmeter.threads.JMeterThread.executeSamplePackage(JMeterThread.java:546) [ApacheJMeter_core.jar:5.0 r1840935]
	at org.apache.jmeter.threads.JMeterThread.processSampler(JMeterThread.java:486) [ApacheJMeter_core.jar:5.0 r1840935]
	at org.apache.jmeter.threads.JMeterThread.run(JMeterThread.java:253) [ApacheJMeter_core.jar:5.0 r1840935]
	at java.lang.Thread.run(Thread.java:748) [?:1.8.0_191]
2019-03-04 10:09:33,816 INFO o.a.j.t.JMeterThread: Thread is done: Thread Group 1-20
2019-03-04 10:09:33,816 INFO o.a.j.t.JMeterThread: Thread finished: Thread Group 1-20
2019-03-04 10:09:34,068 WARN o.a.j.p.h.s.HTTPSamplerBase: Interrupted fetching embedded resources
java.lang.InterruptedException: null
	at java.util.concurrent.locks.AbstractQueuedSynchronizer.acquireInterruptibly(AbstractQueuedSynchronizer.java:1220) ~[?:1.8.0_191]
	at java.util.concurrent.locks.ReentrantLock.lockInterruptibly(ReentrantLock.java:335) ~[?:1.8.0_191]
	at java.util.concurrent.LinkedBlockingQueue.take(LinkedBlockingQueue.java:439) ~[?:1.8.0_191]
	at java.util.concurrent.ExecutorCompletionService.take(ExecutorCompletionService.java:193) ~[?:1.8.0_191]
	at org.apache.jmeter.protocol.http.sampler.ResourcesDownloader.invokeAllAndAwaitTermination(ResourcesDownloader.java:187) ~[ApacheJMeter_http.jar:5.0 r1840935]
	at org.apache.jmeter.protocol.http.sampler.HTTPSamplerBase.downloadPageResources(HTTPSamplerBase.java:1385) [ApacheJMeter_http.jar:5.0 r1840935]
	at org.apache.jmeter.protocol.http.sampler.HTTPSamplerBase.resultProcessing(HTTPSamplerBase.java:1699) [ApacheJMeter_http.jar:5.0 r1840935]
	at org.apache.jmeter.protocol.http.sampler.HTTPAbstractImpl.resultProcessing(HTTPAbstractImpl.java:547) [ApacheJMeter_http.jar:5.0 r1840935]
	at org.apache.jmeter.protocol.http.sampler.HTTPHC4Impl.sample(HTTPHC4Impl.java:649) [ApacheJMeter_http.jar:5.0 r1840935]
	at org.apache.jmeter.protocol.http.sampler.HTTPSamplerProxy.sample(HTTPSamplerProxy.java:67) [ApacheJMeter_http.jar:5.0 r1840935]
	at org.apache.jmeter.protocol.http.sampler.HTTPSamplerBase.sample(HTTPSamplerBase.java:1231) [ApacheJMeter_http.jar:5.0 r1840935]
	at org.apache.jmeter.protocol.http.sampler.HTTPSamplerBase.sample(HTTPSamplerBase.java:1220) [ApacheJMeter_http.jar:5.0 r1840935]
	at org.apache.jmeter.threads.JMeterThread.doSampling(JMeterThread.java:622) [ApacheJMeter_core.jar:5.0 r1840935]
	at org.apache.jmeter.threads.JMeterThread.executeSamplePackage(JMeterThread.java:546) [ApacheJMeter_core.jar:5.0 r1840935]
	at org.apache.jmeter.threads.JMeterThread.processSampler(JMeterThread.java:486) [ApacheJMeter_core.jar:5.0 r1840935]
	at org.apache.jmeter.threads.JMeterThread.run(JMeterThread.java:253) [ApacheJMeter_core.jar:5.0 r1840935]
	at java.lang.Thread.run(Thread.java:748) [?:1.8.0_191]
2019-03-04 10:09:34,069 INFO o.a.j.t.JMeterThread: Thread is done: Thread Group 1-10
2019-03-04 10:09:34,069 INFO o.a.j.t.JMeterThread: Thread finished: Thread Group 1-10
2019-03-04 10:09:34,101 INFO o.a.j.t.JMeterThread: Thread is done: Thread Group 1-15
2019-03-04 10:09:34,101 INFO o.a.j.t.JMeterThread: Thread finished: Thread Group 1-15
2019-03-04 10:09:34,102 INFO o.a.j.e.StandardJMeterEngine: Notifying test listeners of end of test
2019-03-04 10:09:34,103 INFO o.a.j.e.StandardJMeterEngine: Forced JVM shutdown requested at end of test
